<?xml version="1.0" encoding="UTF-8"?>
<testng-results ignored="0" total="1" passed="1" failed="0" skipped="0">
  <reporter-output>
  </reporter-output>
  <suite started-at="2020-06-16T13:05:19 EDT" name="Default suite" finished-at="2020-06-16T13:05:30 EDT" duration-ms="10616">
    <groups>
    </groups>
    <test started-at="2020-06-16T13:05:19 EDT" name="Default test" finished-at="2020-06-16T13:05:30 EDT" duration-ms="10616">
      <class name="taseCases.loginApplication">
        <test-method signature="login()[pri:0, instance:taseCases.loginApplication@6107227e]" started-at="2020-06-16T13:05:19 EDT" name="login" finished-at="2020-06-16T13:05:30 EDT" duration-ms="10584" status="PASS">
          <reporter-output>
          </reporter-output>
        </test-method> <!-- login -->
      </class> <!-- taseCases.loginApplication -->
    </test> <!-- Default test -->
  </suite> <!-- Default suite -->
</testng-results>
